<?xml version="1.0" encoding="UTF-8"?>
<testng-results ignored="0" total="1" passed="1" failed="0" skipped="0">
  <reporter-output>
  </reporter-output>
  <suite started-at="2022-07-16T23:12:56 CDT" name="Default suite" finished-at="2022-07-16T23:15:13 CDT" duration-ms="136731">
    <groups>
      <group name="cucumber">
        <method signature="AbstractTestNGCucumberTests.feature(cucumber.api.testng.CucumberFeatureWrapper)[pri:0, instance:com.Mou.Frame.TestRunner.testRunner_Class@59af0466]" name="feature" class="cucumber.api.testng.AbstractTestNGCucumberTests"/>
      </group> <!-- cucumber -->
    </groups>
    <test started-at="2022-07-16T23:12:56 CDT" name="Default test" finished-at="2022-07-16T23:15:13 CDT" duration-ms="136731">
      <class name="com.Mou.Frame.TestRunner.testRunner_Class">
        <test-method is-config="true" signature="startURL()[pri:0, instance:com.Mou.Frame.TestRunner.testRunner_Class@59af0466]" started-at="2022-07-16T23:12:56 CDT" name="startURL" finished-at="2022-07-16T23:12:58 CDT" duration-ms="1771" status="PASS">
          <reporter-output>
          </reporter-output>
        </test-method> <!-- startURL -->
        <test-method is-config="true" signature="setUpClass()[pri:0, instance:com.Mou.Frame.TestRunner.testRunner_Class@59af0466]" started-at="2022-07-16T23:12:58 CDT" name="setUpClass" finished-at="2022-07-16T23:12:58 CDT" duration-ms="179" status="PASS">
          <reporter-output>
          </reporter-output>
        </test-method> <!-- setUpClass -->
        <test-method signature="feature(cucumber.api.testng.CucumberFeatureWrapper)[pri:0, instance:com.Mou.Frame.TestRunner.testRunner_Class@59af0466]" started-at="2022-07-16T23:12:58 CDT" name="feature" description="Runs Cucumber Feature" data-provider="features" finished-at="2022-07-16T23:15:12 CDT" duration-ms="133883" status="PASS">
          <params>
            <param index="0">
              <value>
                <![CDATA[This feature is to validate lognin functionality]]>
              </value>
            </param>
          </params>
          <reporter-output>
          </reporter-output>
        </test-method> <!-- feature -->
        <test-method is-config="true" signature="tearDownClass()[pri:0, instance:com.Mou.Frame.TestRunner.testRunner_Class@59af0466]" started-at="2022-07-16T23:15:12 CDT" name="tearDownClass" finished-at="2022-07-16T23:15:12 CDT" duration-ms="14" status="PASS">
          <reporter-output>
          </reporter-output>
        </test-method> <!-- tearDownClass -->
        <test-method is-config="true" signature="closeURL()[pri:0, instance:com.Mou.Frame.TestRunner.testRunner_Class@59af0466]" started-at="2022-07-16T23:15:12 CDT" name="closeURL" finished-at="2022-07-16T23:15:13 CDT" duration-ms="782" status="PASS">
          <reporter-output>
          </reporter-output>
        </test-method> <!-- closeURL -->
      </class> <!-- com.Mou.Frame.TestRunner.testRunner_Class -->
    </test> <!-- Default test -->
  </suite> <!-- Default suite -->
</testng-results>
